[debug] [2025-06-18T07:19:34.257Z] ----------------------------------------------------------------------
[debug] [2025-06-18T07:19:34.264Z] Command:       C:\Program Files\nodejs\node.exe C:\Users\Fogge\AppData\Roaming\npm\node_modules\firebase-tools\lib\bin\firebase.js init hosting
[debug] [2025-06-18T07:19:34.265Z] CLI Version:   14.7.0
[debug] [2025-06-18T07:19:34.265Z] Platform:      win32
[debug] [2025-06-18T07:19:34.266Z] Node Version:  v22.14.0
[debug] [2025-06-18T07:19:34.266Z] Time:          Wed Jun 18 2025 09:19:34 GMT+0200 (centraleuropeisk sommartid)
[debug] [2025-06-18T07:19:34.267Z] ----------------------------------------------------------------------
[debug] 
[debug] [2025-06-18T07:19:34.282Z] > command requires scopes: ["email","openid","https://www.googleapis.com/auth/cloudplatformprojects.readonly","https://www.googleapis.com/auth/firebase","https://www.googleapis.com/auth/cloud-platform"]
[debug] [2025-06-18T07:19:34.283Z] > authorizing via signed-in user (nellbeckfredrik@gmail.com)
[info] 
     ######## #### ########  ######## ########     ###     ######  ########
     ##        ##  ##     ## ##       ##     ##  ##   ##  ##       ##
     ######    ##  ########  ######   ########  #########  ######  ######
     ##        ##  ##    ##  ##       ##     ## ##     ##       ## ##
     ##       #### ##     ## ######## ########  ##     ##  ######  ########

You're about to initialize a Firebase project in this directory:

  C:\Users\Fogge\source\repos\my-blog

[info] 
=== Project Setup
[info] 
[info] First, let's associate this project directory with a Firebase project.
[info] You can create multiple project aliases by running firebase use --add, 
[info] but for now we'll just set up a default project.
[info] 
[debug] [2025-06-18T07:20:24.556Z] Checked if tokens are valid: true, expires at: 1750234652182
[debug] [2025-06-18T07:20:24.556Z] Checked if tokens are valid: true, expires at: 1750234652182
[debug] [2025-06-18T07:20:24.559Z] >>> [apiv2][query] GET https://firebase.googleapis.com/v1beta1/projects pageSize=100
[debug] [2025-06-18T07:20:25.149Z] <<< [apiv2][status] GET https://firebase.googleapis.com/v1beta1/projects 200
[debug] [2025-06-18T07:20:25.149Z] <<< [apiv2][body] GET https://firebase.googleapis.com/v1beta1/projects [omitted]
[info] i  Using project blogg-project-b8fca (blogg-project) 
[info] 
=== Hosting Setup
[debug] [2025-06-18T07:20:30.249Z] Checked if tokens are valid: true, expires at: 1750234652182
[debug] [2025-06-18T07:20:30.249Z] Checked if tokens are valid: true, expires at: 1750234652182
[debug] [2025-06-18T07:20:30.250Z] >>> [apiv2][query] GET https://firebase.googleapis.com/v1beta1/projects/blogg-project-b8fca [none]
[debug] [2025-06-18T07:20:30.557Z] <<< [apiv2][status] GET https://firebase.googleapis.com/v1beta1/projects/blogg-project-b8fca 200
[debug] [2025-06-18T07:20:30.557Z] <<< [apiv2][body] GET https://firebase.googleapis.com/v1beta1/projects/blogg-project-b8fca {"projectId":"blogg-project-b8fca","projectNumber":"780733801718","displayName":"blogg-project","name":"projects/blogg-project-b8fca","resources":{"hostingSite":"blogg-project-b8fca"},"state":"ACTIVE","etag":"1_84d388de-283d-48ed-94dd-bd81e6e7a4cf"}
[info] 
[info] Your public directory is the folder (relative to your project directory) that
[info] will contain Hosting assets to be uploaded with firebase deploy. If you
[info] have a build process for your assets, use your build's output directory.
[info] 
[debug] [2025-06-18T07:21:23.096Z] >>> [apiv2][query] GET https://www.gstatic.com/firebasejs/releases.json [none]
[debug] [2025-06-18T07:21:23.205Z] <<< [apiv2][status] GET https://www.gstatic.com/firebasejs/releases.json 200
[debug] [2025-06-18T07:21:23.205Z] <<< [apiv2][body] GET https://www.gstatic.com/firebasejs/releases.json {"current":{"version":"11.9.1","browserURL":"https://www.gstatic.com/firebasejs/11.9.1/firebase.js","packageURL":"https://www.gstatic.com/firebasejs/11.9.1/firebase.tgz"},"live":{"version":"11.9","browserURL":"https://www.gstatic.com/firebasejs/live/11.9/firebase.js","packageURL":"https://www.gstatic.com/firebasejs/live/11.9/firebase.tgz"},"components":{"ai":"https://www.gstatic.com/firebasejs/11.9.1/firebase-ai.js","analytics":"https://www.gstatic.com/firebasejs/11.9.1/firebase-analytics.js","app":"https://www.gstatic.com/firebasejs/11.9.1/firebase-app.js","app-check":"https://www.gstatic.com/firebasejs/11.9.1/firebase-app-check.js","auth":"https://www.gstatic.com/firebasejs/11.9.1/firebase-auth.js","auth/cordova":"https://www.gstatic.com/firebasejs/11.9.1/firebase-auth/cordova.js","auth/web-extension":"https://www.gstatic.com/firebasejs/11.9.1/firebase-auth/web-extension.js","functions":"https://www.gstatic.com/firebasejs/11.9.1/firebase-functions.js","firestore":"https://www.gstatic.com/firebasejs/11.9.1/firebase-firestore.js","firestore/lite":"https://www.gstatic.com/firebasejs/11.9.1/firebase-firestore/lite.js","installations":"https://www.gstatic.com/firebasejs/11.9.1/firebase-installations.js","storage":"https://www.gstatic.com/firebasejs/11.9.1/firebase-storage.js","performance":"https://www.gstatic.com/firebasejs/11.9.1/firebase-performance.js","remote-config":"https://www.gstatic.com/firebasejs/11.9.1/firebase-remote-config.js","messaging":"https://www.gstatic.com/firebasejs/11.9.1/firebase-messaging.js","messaging/sw":"https://www.gstatic.com/firebasejs/11.9.1/firebase-messaging/sw.js","database":"https://www.gstatic.com/firebasejs/11.9.1/firebase-database.js","vertexai":"https://www.gstatic.com/firebasejs/11.9.1/firebase-vertexai.js","data-connect":"https://www.gstatic.com/firebasejs/11.9.1/firebase-data-connect.js","firestore.memory":"https://www.gstatic.com/firebasejs/11.9.1/firebase-firestore.memory.js"}}
[info] +  Wrote yes/index.html 
[info] 
[info] i  Detected a .git folder at C:\Users\Fogge\source\repos\my-blog 
[info] i  Authorizing with GitHub to upload your service account to a GitHub repository's secrets store. 
[info] 
[info] Visit this URL on this device to log in:
[info] https://github.com/login/oauth/authorize?client_id=89cf50f02ac6aaed3484&state=133727728&redirect_uri=http%3A%2F%2Flocalhost%3A9005&scope=read%3Auser%20repo%20public_repo
[info] 
[info] Waiting for authentication...
[debug] [2025-06-18T07:21:31.119Z] >>> [apiv2][query] POST https://github.com/login/oauth/access_token [none]
[debug] [2025-06-18T07:21:31.119Z] >>> [apiv2][body] POST https://github.com/login/oauth/access_token [stream]
[debug] [2025-06-18T07:21:31.435Z] <<< [apiv2][status] POST https://github.com/login/oauth/access_token 200
[debug] [2025-06-18T07:21:31.435Z] <<< [apiv2][body] POST https://github.com/login/oauth/access_token {"access_token":"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","token_type":"bearer","scope":"read:user,repo"}
[debug] [2025-06-18T07:21:31.443Z] >>> [apiv2][query] GET https://api.github.com/user [none]
[debug] [2025-06-18T07:21:31.796Z] <<< [apiv2][status] GET https://api.github.com/user 200
[debug] [2025-06-18T07:21:31.796Z] <<< [apiv2][body] GET https://api.github.com/user {"login":"Nellbeck","id":144246655,"node_id":"U_kgDOCJkHfw","avatar_url":"https://avatars.githubusercontent.com/u/144246655?v=4","gravatar_id":"","url":"https://api.github.com/users/Nellbeck","html_url":"https://github.com/Nellbeck","followers_url":"https://api.github.com/users/Nellbeck/followers","following_url":"https://api.github.com/users/Nellbeck/following{/other_user}","gists_url":"https://api.github.com/users/Nellbeck/gists{/gist_id}","starred_url":"https://api.github.com/users/Nellbeck/starred{/owner}{/repo}","subscriptions_url":"https://api.github.com/users/Nellbeck/subscriptions","organizations_url":"https://api.github.com/users/Nellbeck/orgs","repos_url":"https://api.github.com/users/Nellbeck/repos","events_url":"https://api.github.com/users/Nellbeck/events{/privacy}","received_events_url":"https://api.github.com/users/Nellbeck/received_events","type":"User","user_view_type":"private","site_admin":false,"name":null,"company":null,"blog":"","location":null,"email":null,"hireable":null,"bio":null,"twitter_username":null,"notification_email":null,"public_repos":32,"public_gists":0,"followers":3,"following":0,"created_at":"2023-09-06T13:40:13Z","updated_at":"2025-06-17T12:57:34Z","private_gists":0,"total_private_repos":1,"owned_private_repos":1,"disk_usage":199442,"collaborators":0,"two_factor_authentication":false,"plan":{"name":"free","space":976562499,"collaborators":0,"private_repos":10000}}
[info] 
[info] +  Success! Logged into GitHub as Nellbeck 
[info] 
